2025/09/21 08:47:01 [notice] 1#1: using the "epoll" event method
2025/09/21 08:47:01 [notice] 1#1: nginx/1.29.1
2025/09/21 08:47:01 [notice] 1#1: built by gcc 12.2.0 (Debian 12.2.0-14+deb12u1) 
2025/09/21 08:47:01 [notice] 1#1: OS: Linux 6.6.87.2-microsoft-standard-WSL2
2025/09/21 08:47:01 [notice] 1#1: getrlimit(RLIMIT_NOFILE): 1048576:1048576
2025/09/21 08:47:01 [notice] 1#1: start worker processes
2025/09/21 08:47:01 [notice] 1#1: start worker process 29
2025/09/21 08:47:01 [notice] 1#1: start worker process 30
2025/09/21 08:47:01 [notice] 1#1: start worker process 31
2025/09/21 08:47:01 [notice] 1#1: start worker process 32
2025/09/21 08:47:01 [notice] 1#1: start worker process 33
2025/09/21 08:47:01 [notice] 1#1: start worker process 34
2025/09/21 08:47:01 [notice] 1#1: start worker process 35
2025/09/21 08:47:01 [notice] 1#1: start worker process 36
2025/09/21 08:47:01 [notice] 1#1: start worker process 37
2025/09/21 08:47:01 [notice] 1#1: start worker process 38
2025/09/21 08:47:01 [notice] 1#1: start worker process 39
2025/09/21 08:47:01 [notice] 1#1: start worker process 40
2025/09/21 09:00:45 [error] 29#29: *1 open() "/usr/share/nginx/html/favicon.ico" failed (2: No such file or directory), client: 172.18.0.1, server: localhost, request: "GET /favicon.ico HTTP/1.1", host: "localhost:8080", referrer: "http://localhost:8080/"
2025/09/21 09:29:30 [notice] 1#1: signal 3 (SIGQUIT) received, shutting down
2025/09/21 09:29:30 [notice] 29#29: gracefully shutting down
2025/09/21 09:29:30 [notice] 30#30: gracefully shutting down
2025/09/21 09:29:30 [notice] 35#35: gracefully shutting down
2025/09/21 09:29:30 [notice] 32#32: gracefully shutting down
2025/09/21 09:29:30 [notice] 36#36: gracefully shutting down
2025/09/21 09:29:30 [notice] 33#33: gracefully shutting down
2025/09/21 09:29:30 [notice] 38#38: gracefully shutting down
2025/09/21 09:29:30 [notice] 38#38: exiting
2025/09/21 09:29:30 [notice] 39#39: gracefully shutting down
2025/09/21 09:29:30 [notice] 31#31: gracefully shutting down
2025/09/21 09:29:30 [notice] 38#38: exit
2025/09/21 09:29:30 [notice] 37#37: gracefully shutting down
2025/09/21 09:29:30 [notice] 31#31: exiting
2025/09/21 09:29:30 [notice] 31#31: exit
2025/09/21 09:29:30 [notice] 40#40: gracefully shutting down
2025/09/21 09:29:30 [notice] 40#40: exiting
2025/09/21 09:29:30 [notice] 34#34: gracefully shutting down
2025/09/21 09:29:30 [notice] 29#29: exiting
2025/09/21 09:29:30 [notice] 29#29: exit
2025/09/21 09:29:30 [notice] 30#30: exiting
2025/09/21 09:29:30 [notice] 35#35: exiting
2025/09/21 09:29:30 [notice] 32#32: exiting
2025/09/21 09:29:30 [notice] 36#36: exiting
2025/09/21 09:29:30 [notice] 36#36: exit
2025/09/21 09:29:30 [notice] 33#33: exiting
2025/09/21 09:29:30 [notice] 33#33: exit
2025/09/21 09:29:30 [notice] 39#39: exiting
2025/09/21 09:29:30 [notice] 37#37: exiting
2025/09/21 09:29:30 [notice] 39#39: exit
2025/09/21 09:29:30 [notice] 40#40: exit
2025/09/21 09:29:30 [notice] 34#34: exiting
2025/09/21 09:29:30 [notice] 30#30: exit
2025/09/21 09:29:30 [notice] 35#35: exit
2025/09/21 09:29:30 [notice] 32#32: exit
2025/09/21 09:29:30 [notice] 37#37: exit
2025/09/21 09:29:30 [notice] 1#1: signal 17 (SIGCHLD) received from 38
2025/09/21 09:29:30 [notice] 34#34: exit
2025/09/21 09:29:30 [notice] 1#1: worker process 29 exited with code 0
2025/09/21 09:29:30 [notice] 1#1: worker process 38 exited with code 0
2025/09/21 09:29:30 [notice] 1#1: signal 29 (SIGIO) received
2025/09/21 09:29:30 [notice] 1#1: signal 17 (SIGCHLD) received from 29
2025/09/21 09:29:30 [notice] 1#1: signal 17 (SIGCHLD) received from 31
2025/09/21 09:29:30 [notice] 1#1: worker process 31 exited with code 0
2025/09/21 09:29:30 [notice] 1#1: signal 29 (SIGIO) received
2025/09/21 09:29:30 [notice] 1#1: signal 17 (SIGCHLD) received from 33
2025/09/21 09:29:30 [notice] 1#1: worker process 33 exited with code 0
2025/09/21 09:29:30 [notice] 1#1: worker process 36 exited with code 0
2025/09/21 09:29:30 [notice] 1#1: signal 29 (SIGIO) received
2025/09/21 09:29:30 [notice] 1#1: signal 17 (SIGCHLD) received from 39
2025/09/21 09:29:30 [notice] 1#1: worker process 39 exited with code 0
2025/09/21 09:29:30 [notice] 1#1: signal 29 (SIGIO) received
2025/09/21 09:29:30 [notice] 1#1: signal 17 (SIGCHLD) received from 40
2025/09/21 09:29:30 [notice] 1#1: worker process 30 exited with code 0
2025/09/21 09:29:30 [notice] 1#1: worker process 32 exited with code 0
2025/09/21 09:29:30 [notice] 1#1: worker process 34 exited with code 0
2025/09/21 09:29:30 [notice] 1#1: worker process 35 exited with code 0
2025/09/21 09:29:30 [notice] 1#1: worker process 37 exited with code 0
2025/09/21 09:29:30 [notice] 1#1: worker process 40 exited with code 0
2025/09/21 09:29:30 [notice] 1#1: exit
2025/09/21 09:30:14 [notice] 1#1: using the "epoll" event method
2025/09/21 09:30:14 [notice] 1#1: nginx/1.29.1
2025/09/21 09:30:14 [notice] 1#1: built by gcc 12.2.0 (Debian 12.2.0-14+deb12u1) 
2025/09/21 09:30:14 [notice] 1#1: OS: Linux 6.6.87.2-microsoft-standard-WSL2
2025/09/21 09:30:14 [notice] 1#1: getrlimit(RLIMIT_NOFILE): 1048576:1048576
2025/09/21 09:30:14 [notice] 1#1: start worker processes
2025/09/21 09:30:14 [notice] 1#1: start worker process 29
2025/09/21 09:30:14 [notice] 1#1: start worker process 30
2025/09/21 09:30:14 [notice] 1#1: start worker process 31
2025/09/21 09:30:14 [notice] 1#1: start worker process 32
2025/09/21 09:30:14 [notice] 1#1: start worker process 33
2025/09/21 09:30:14 [notice] 1#1: start worker process 34
2025/09/21 09:30:14 [notice] 1#1: start worker process 35
2025/09/21 09:30:14 [notice] 1#1: start worker process 36
2025/09/21 09:30:14 [notice] 1#1: start worker process 37
2025/09/21 09:30:14 [notice] 1#1: start worker process 38
2025/09/21 09:30:14 [notice] 1#1: start worker process 39
2025/09/21 09:30:14 [notice] 1#1: start worker process 40
2025/09/21 09:36:27 [notice] 1#1: signal 3 (SIGQUIT) received, shutting down
2025/09/21 09:36:27 [notice] 31#31: gracefully shutting down
2025/09/21 09:36:27 [notice] 31#31: exiting
2025/09/21 09:36:27 [notice] 34#34: gracefully shutting down
2025/09/21 09:36:27 [notice] 39#39: gracefully shutting down
2025/09/21 09:36:27 [notice] 32#32: gracefully shutting down
2025/09/21 09:36:27 [notice] 33#33: gracefully shutting down
2025/09/21 09:36:27 [notice] 36#36: gracefully shutting down
2025/09/21 09:36:27 [notice] 38#38: gracefully shutting down
2025/09/21 09:36:27 [notice] 40#40: gracefully shutting down
2025/09/21 09:36:27 [notice] 37#37: gracefully shutting down
2025/09/21 09:36:27 [notice] 35#35: gracefully shutting down
2025/09/21 09:36:27 [notice] 29#29: gracefully shutting down
2025/09/21 09:36:27 [notice] 30#30: gracefully shutting down
2025/09/21 09:36:27 [notice] 31#31: exit
2025/09/21 09:36:27 [notice] 39#39: exiting
2025/09/21 09:36:27 [notice] 36#36: exiting
2025/09/21 09:36:27 [notice] 38#38: exiting
2025/09/21 09:36:27 [notice] 38#38: exit
2025/09/21 09:36:27 [notice] 32#32: exiting
2025/09/21 09:36:27 [notice] 40#40: exiting
2025/09/21 09:36:27 [notice] 34#34: exiting
2025/09/21 09:36:27 [notice] 37#37: exiting
2025/09/21 09:36:27 [notice] 33#33: exiting
2025/09/21 09:36:27 [notice] 35#35: exiting
2025/09/21 09:36:27 [notice] 30#30: exiting
2025/09/21 09:36:27 [notice] 29#29: exiting
2025/09/21 09:36:27 [notice] 39#39: exit
2025/09/21 09:36:27 [notice] 36#36: exit
2025/09/21 09:36:27 [notice] 32#32: exit
2025/09/21 09:36:27 [notice] 40#40: exit
2025/09/21 09:36:27 [notice] 34#34: exit
2025/09/21 09:36:27 [notice] 37#37: exit
2025/09/21 09:36:27 [notice] 33#33: exit
2025/09/21 09:36:27 [notice] 35#35: exit
2025/09/21 09:36:27 [notice] 30#30: exit
2025/09/21 09:36:27 [notice] 29#29: exit
2025/09/21 09:36:27 [notice] 1#1: signal 17 (SIGCHLD) received from 36
2025/09/21 09:36:27 [notice] 1#1: worker process 31 exited with code 0
2025/09/21 09:36:27 [notice] 1#1: worker process 32 exited with code 0
2025/09/21 09:36:27 [notice] 1#1: worker process 34 exited with code 0
2025/09/21 09:36:27 [notice] 1#1: worker process 33 exited with code 0
2025/09/21 09:36:27 [notice] 1#1: worker process 30 exited with code 0
2025/09/21 09:36:27 [notice] 1#1: worker process 29 exited with code 0
2025/09/21 09:36:27 [notice] 1#1: worker process 35 exited with code 0
2025/09/21 09:36:27 [notice] 1#1: worker process 36 exited with code 0
2025/09/21 09:36:27 [notice] 1#1: worker process 37 exited with code 0
2025/09/21 09:36:27 [notice] 1#1: worker process 38 exited with code 0
2025/09/21 09:36:27 [notice] 1#1: worker process 39 exited with code 0
2025/09/21 09:36:27 [notice] 1#1: worker process 40 exited with code 0
2025/09/21 09:36:28 [notice] 1#1: exit
2025/09/21 09:47:14 [notice] 1#1: using the "epoll" event method
2025/09/21 09:47:14 [notice] 1#1: nginx/1.29.1
2025/09/21 09:47:14 [notice] 1#1: built by gcc 12.2.0 (Debian 12.2.0-14+deb12u1) 
2025/09/21 09:47:14 [notice] 1#1: OS: Linux 6.6.87.2-microsoft-standard-WSL2
2025/09/21 09:47:14 [notice] 1#1: getrlimit(RLIMIT_NOFILE): 1048576:1048576
2025/09/21 09:47:14 [notice] 1#1: start worker processes
2025/09/21 09:47:14 [notice] 1#1: start worker process 28
2025/09/21 09:47:14 [notice] 1#1: start worker process 29
2025/09/21 09:47:14 [notice] 1#1: start worker process 30
2025/09/21 09:47:14 [notice] 1#1: start worker process 31
2025/09/21 09:47:14 [notice] 1#1: start worker process 32
2025/09/21 09:47:14 [notice] 1#1: start worker process 33
2025/09/21 09:47:14 [notice] 1#1: start worker process 34
2025/09/21 09:47:14 [notice] 1#1: start worker process 35
2025/09/21 09:47:14 [notice] 1#1: start worker process 36
2025/09/21 09:47:14 [notice] 1#1: start worker process 37
2025/09/21 09:47:14 [notice] 1#1: start worker process 38
2025/09/21 09:47:14 [notice] 1#1: start worker process 39
2025/09/21 09:50:54 [notice] 1#1: signal 3 (SIGQUIT) received, shutting down
2025/09/21 09:50:54 [notice] 28#28: gracefully shutting down
2025/09/21 09:50:54 [notice] 30#30: gracefully shutting down
2025/09/21 09:50:54 [notice] 31#31: gracefully shutting down
2025/09/21 09:50:54 [notice] 29#29: gracefully shutting down
2025/09/21 09:50:54 [notice] 33#33: gracefully shutting down
2025/09/21 09:50:54 [notice] 34#34: gracefully shutting down
2025/09/21 09:50:54 [notice] 35#35: gracefully shutting down
2025/09/21 09:50:54 [notice] 36#36: gracefully shutting down
2025/09/21 09:50:54 [notice] 36#36: exiting
2025/09/21 09:50:54 [notice] 38#38: gracefully shutting down
2025/09/21 09:50:54 [notice] 37#37: gracefully shutting down
2025/09/21 09:50:54 [notice] 39#39: gracefully shutting down
2025/09/21 09:50:54 [notice] 32#32: gracefully shutting down
2025/09/21 09:50:54 [notice] 30#30: exiting
2025/09/21 09:50:54 [notice] 31#31: exiting
2025/09/21 09:50:54 [notice] 33#33: exiting
2025/09/21 09:50:54 [notice] 34#34: exiting
2025/09/21 09:50:54 [notice] 34#34: exit
2025/09/21 09:50:54 [notice] 35#35: exiting
2025/09/21 09:50:54 [notice] 35#35: exit
2025/09/21 09:50:54 [notice] 36#36: exit
2025/09/21 09:50:54 [notice] 38#38: exiting
2025/09/21 09:50:54 [notice] 38#38: exit
2025/09/21 09:50:54 [notice] 37#37: exiting
2025/09/21 09:50:54 [notice] 39#39: exiting
2025/09/21 09:50:54 [notice] 39#39: exit
2025/09/21 09:50:54 [notice] 32#32: exiting
2025/09/21 09:50:54 [notice] 30#30: exit
2025/09/21 09:50:54 [notice] 31#31: exit
2025/09/21 09:50:54 [notice] 33#33: exit
2025/09/21 09:50:54 [notice] 37#37: exit
2025/09/21 09:50:54 [notice] 32#32: exit
2025/09/21 09:50:54 [notice] 1#1: signal 17 (SIGCHLD) received from 34
2025/09/21 09:50:54 [notice] 1#1: worker process 34 exited with code 0
2025/09/21 09:50:54 [notice] 1#1: signal 29 (SIGIO) received
2025/09/21 09:50:54 [notice] 1#1: signal 17 (SIGCHLD) received from 39
2025/09/21 09:50:54 [notice] 1#1: worker process 31 exited with code 0
2025/09/21 09:50:54 [notice] 1#1: worker process 32 exited with code 0
2025/09/21 09:50:54 [notice] 1#1: worker process 35 exited with code 0
2025/09/21 09:50:54 [notice] 1#1: worker process 30 exited with code 0
2025/09/21 09:50:54 [notice] 1#1: worker process 33 exited with code 0
2025/09/21 09:50:54 [notice] 1#1: worker process 36 exited with code 0
2025/09/21 09:50:54 [notice] 1#1: worker process 37 exited with code 0
2025/09/21 09:50:54 [notice] 1#1: worker process 38 exited with code 0
2025/09/21 09:50:54 [notice] 1#1: worker process 39 exited with code 0
2025/09/21 09:50:54 [notice] 1#1: signal 29 (SIGIO) received
2025/09/21 09:50:54 [notice] 1#1: signal 17 (SIGCHLD) received from 31
2025/09/21 09:52:43 [notice] 1#1: using the "epoll" event method
2025/09/21 09:52:43 [notice] 1#1: nginx/1.29.1
2025/09/21 09:52:43 [notice] 1#1: built by gcc 12.2.0 (Debian 12.2.0-14+deb12u1) 
2025/09/21 09:52:43 [notice] 1#1: OS: Linux 6.6.87.2-microsoft-standard-WSL2
2025/09/21 09:52:43 [notice] 1#1: getrlimit(RLIMIT_NOFILE): 1048576:1048576
2025/09/21 09:52:43 [notice] 1#1: start worker processes
2025/09/21 09:52:43 [notice] 1#1: start worker process 29
2025/09/21 09:52:43 [notice] 1#1: start worker process 30
2025/09/21 09:52:43 [notice] 1#1: start worker process 31
2025/09/21 09:52:43 [notice] 1#1: start worker process 32
2025/09/21 09:52:43 [notice] 1#1: start worker process 33
2025/09/21 09:52:43 [notice] 1#1: start worker process 34
2025/09/21 09:52:43 [notice] 1#1: start worker process 35
2025/09/21 09:52:43 [notice] 1#1: start worker process 36
2025/09/21 09:52:43 [notice] 1#1: start worker process 37
2025/09/21 09:52:43 [notice] 1#1: start worker process 38
2025/09/21 09:52:43 [notice] 1#1: start worker process 39
2025/09/21 09:52:43 [notice] 1#1: start worker process 40
2025/09/21 09:53:01 [error] 30#30: *2 open() "/usr/share/nginx/html/var/log/nginx/access.log" failed (2: No such file or directory), client: 172.18.0.1, server: localhost, request: "GET /var/log/nginx/access.log HTTP/1.1", host: "localhost:8080"
2025/09/21 09:54:15 [notice] 1#1: signal 3 (SIGQUIT) received, shutting down
2025/09/21 09:54:15 [notice] 29#29: gracefully shutting down
2025/09/21 09:54:15 [notice] 30#30: gracefully shutting down
2025/09/21 09:54:15 [notice] 34#34: gracefully shutting down
2025/09/21 09:54:15 [notice] 31#31: gracefully shutting down
2025/09/21 09:54:15 [notice] 33#33: gracefully shutting down
2025/09/21 09:54:15 [notice] 36#36: gracefully shutting down
2025/09/21 09:54:15 [notice] 36#36: exiting
2025/09/21 09:54:15 [notice] 38#38: gracefully shutting down
2025/09/21 09:54:15 [notice] 37#37: gracefully shutting down
2025/09/21 09:54:15 [notice] 37#37: exiting
2025/09/21 09:54:15 [notice] 39#39: gracefully shutting down
2025/09/21 09:54:15 [notice] 40#40: gracefully shutting down
2025/09/21 09:54:15 [notice] 40#40: exiting
2025/09/21 09:54:15 [notice] 32#32: gracefully shutting down
2025/09/21 09:54:15 [notice] 35#35: gracefully shutting down
2025/09/21 09:54:15 [notice] 29#29: exiting
2025/09/21 09:54:15 [notice] 30#30: exiting
2025/09/21 09:54:15 [notice] 34#34: exiting
2025/09/21 09:54:15 [notice] 31#31: exiting
2025/09/21 09:54:15 [notice] 33#33: exiting
2025/09/21 09:54:15 [notice] 36#36: exit
2025/09/21 09:54:15 [notice] 38#38: exiting
2025/09/21 09:54:15 [notice] 37#37: exit
2025/09/21 09:54:15 [notice] 39#39: exiting
2025/09/21 09:54:15 [notice] 40#40: exit
2025/09/21 09:54:15 [notice] 32#32: exiting
2025/09/21 09:54:15 [notice] 35#35: exiting
2025/09/21 09:54:15 [notice] 29#29: exit
2025/09/21 09:54:15 [notice] 30#30: exit
2025/09/21 09:54:15 [notice] 34#34: exit
2025/09/21 09:54:15 [notice] 31#31: exit
2025/09/21 09:54:15 [notice] 33#33: exit
2025/09/21 09:54:15 [notice] 38#38: exit
2025/09/21 09:54:15 [notice] 39#39: exit
2025/09/21 09:54:15 [notice] 32#32: exit
2025/09/21 09:54:15 [notice] 35#35: exit
2025/09/21 09:54:15 [notice] 1#1: signal 17 (SIGCHLD) received from 29
2025/09/21 09:54:15 [notice] 1#1: worker process 29 exited with code 0
2025/09/21 09:54:15 [notice] 1#1: worker process 30 exited with code 0
2025/09/21 09:54:15 [notice] 1#1: worker process 31 exited with code 0
2025/09/21 09:54:15 [notice] 1#1: worker process 32 exited with code 0
2025/09/21 09:54:15 [notice] 1#1: worker process 33 exited with code 0
2025/09/21 09:54:15 [notice] 1#1: worker process 34 exited with code 0
2025/09/21 09:54:15 [notice] 1#1: worker process 35 exited with code 0
2025/09/21 09:54:15 [notice] 1#1: worker process 36 exited with code 0
2025/09/21 09:54:15 [notice] 1#1: worker process 37 exited with code 0
2025/09/21 09:54:15 [notice] 1#1: worker process 38 exited with code 0
2025/09/21 09:54:15 [notice] 1#1: worker process 39 exited with code 0
2025/09/21 09:54:15 [notice] 1#1: worker process 40 exited with code 0
2025/09/21 09:54:15 [notice] 1#1: exit
2025/09/21 10:56:51 [notice] 1#1: using the "epoll" event method
2025/09/21 10:56:51 [notice] 1#1: nginx/1.29.1
2025/09/21 10:56:51 [notice] 1#1: built by gcc 12.2.0 (Debian 12.2.0-14+deb12u1) 
2025/09/21 10:56:51 [notice] 1#1: OS: Linux 6.6.87.2-microsoft-standard-WSL2
2025/09/21 10:56:51 [notice] 1#1: getrlimit(RLIMIT_NOFILE): 1048576:1048576
2025/09/21 10:56:51 [notice] 1#1: start worker processes
2025/09/21 10:56:51 [notice] 1#1: start worker process 29
2025/09/21 10:56:51 [notice] 1#1: start worker process 30
2025/09/21 10:56:51 [notice] 1#1: start worker process 31
2025/09/21 10:56:51 [notice] 1#1: start worker process 32
2025/09/21 10:56:51 [notice] 1#1: start worker process 33
2025/09/21 10:56:51 [notice] 1#1: start worker process 34
2025/09/21 10:56:51 [notice] 1#1: start worker process 35
2025/09/21 10:56:51 [notice] 1#1: start worker process 36
2025/09/21 10:56:51 [notice] 1#1: start worker process 37
2025/09/21 10:56:51 [notice] 1#1: start worker process 38
2025/09/21 10:56:51 [notice] 1#1: start worker process 39
2025/09/21 10:56:51 [notice] 1#1: start worker process 40
2025/09/21 11:07:00 [notice] 1#1: signal 3 (SIGQUIT) received, shutting down
2025/09/21 11:07:00 [notice] 30#30: gracefully shutting down
2025/09/21 11:07:00 [notice] 31#31: gracefully shutting down
2025/09/21 11:07:00 [notice] 33#33: gracefully shutting down
2025/09/21 11:07:00 [notice] 35#35: gracefully shutting down
2025/09/21 11:07:00 [notice] 36#36: gracefully shutting down
2025/09/21 11:07:00 [notice] 34#34: gracefully shutting down
2025/09/21 11:07:00 [notice] 39#39: gracefully shutting down
2025/09/21 11:07:00 [notice] 40#40: gracefully shutting down
2025/09/21 11:07:00 [notice] 32#32: gracefully shutting down
2025/09/21 11:07:00 [notice] 37#37: gracefully shutting down
2025/09/21 11:07:00 [notice] 38#38: gracefully shutting down
2025/09/21 11:07:00 [notice] 29#29: gracefully shutting down
2025/09/21 11:07:00 [notice] 30#30: exiting
2025/09/21 11:07:00 [notice] 31#31: exiting
2025/09/21 11:07:00 [notice] 33#33: exiting
2025/09/21 11:07:00 [notice] 33#33: exit
2025/09/21 11:07:00 [notice] 35#35: exiting
2025/09/21 11:07:00 [notice] 36#36: exiting
2025/09/21 11:07:00 [notice] 34#34: exiting
2025/09/21 11:07:00 [notice] 39#39: exiting
2025/09/21 11:07:00 [notice] 40#40: exiting
2025/09/21 11:07:00 [notice] 32#32: exiting
2025/09/21 11:07:00 [notice] 37#37: exiting
2025/09/21 11:07:00 [notice] 38#38: exiting
2025/09/21 11:07:00 [notice] 29#29: exiting
2025/09/21 11:07:00 [notice] 30#30: exit
2025/09/21 11:07:00 [notice] 31#31: exit
2025/09/21 11:07:00 [notice] 35#35: exit
2025/09/21 11:07:00 [notice] 36#36: exit
2025/09/21 11:07:00 [notice] 34#34: exit
2025/09/21 11:07:00 [notice] 39#39: exit
2025/09/21 11:07:00 [notice] 32#32: exit
2025/09/21 11:07:00 [notice] 38#38: exit
2025/09/21 11:07:00 [notice] 29#29: exit
2025/09/21 11:07:00 [notice] 40#40: exit
2025/09/21 11:07:00 [notice] 37#37: exit
2025/09/21 11:07:00 [notice] 1#1: signal 17 (SIGCHLD) received from 31
2025/09/21 11:07:00 [notice] 1#1: worker process 31 exited with code 0
2025/09/21 11:07:00 [notice] 1#1: signal 29 (SIGIO) received
2025/09/21 11:07:00 [notice] 1#1: signal 17 (SIGCHLD) received from 33
2025/09/21 11:07:00 [notice] 1#1: worker process 29 exited with code 0
2025/09/21 11:07:00 [notice] 1#1: worker process 30 exited with code 0
2025/09/21 11:07:00 [notice] 1#1: worker process 32 exited with code 0
2025/09/21 11:07:00 [notice] 1#1: worker process 33 exited with code 0
2025/09/21 11:07:00 [notice] 1#1: worker process 34 exited with code 0
2025/09/21 11:07:00 [notice] 1#1: worker process 35 exited with code 0
2025/09/21 11:07:00 [notice] 1#1: worker process 36 exited with code 0
2025/09/21 11:07:00 [notice] 1#1: worker process 37 exited with code 0
2025/09/21 11:07:00 [notice] 1#1: worker process 38 exited with code 0
2025/09/21 11:07:00 [notice] 1#1: worker process 39 exited with code 0
2025/09/21 11:07:00 [notice] 1#1: worker process 40 exited with code 0
2025/09/21 11:07:00 [notice] 1#1: exit
2025/09/21 11:07:12 [notice] 1#1: using the "epoll" event method
2025/09/21 11:07:12 [notice] 1#1: nginx/1.29.1
2025/09/21 11:07:12 [notice] 1#1: built by gcc 12.2.0 (Debian 12.2.0-14+deb12u1) 
2025/09/21 11:07:12 [notice] 1#1: OS: Linux 6.6.87.2-microsoft-standard-WSL2
2025/09/21 11:07:12 [notice] 1#1: getrlimit(RLIMIT_NOFILE): 1048576:1048576
2025/09/21 11:07:12 [notice] 1#1: start worker processes
2025/09/21 11:07:12 [notice] 1#1: start worker process 29
2025/09/21 11:07:12 [notice] 1#1: start worker process 30
2025/09/21 11:07:12 [notice] 1#1: start worker process 31
2025/09/21 11:07:12 [notice] 1#1: start worker process 32
2025/09/21 11:07:12 [notice] 1#1: start worker process 33
2025/09/21 11:07:12 [notice] 1#1: start worker process 34
2025/09/21 11:07:12 [notice] 1#1: start worker process 35
2025/09/21 11:07:12 [notice] 1#1: start worker process 36
2025/09/21 11:07:12 [notice] 1#1: start worker process 37
2025/09/21 11:07:12 [notice] 1#1: start worker process 38
2025/09/21 11:07:12 [notice] 1#1: start worker process 39
2025/09/21 11:07:12 [notice] 1#1: start worker process 40
2025/09/21 11:11:40 [notice] 1#1: signal 3 (SIGQUIT) received, shutting down
2025/09/21 11:11:40 [notice] 33#33: gracefully shutting down
2025/09/21 11:11:40 [notice] 35#35: gracefully shutting down
2025/09/21 11:11:40 [notice] 35#35: exiting
2025/09/21 11:11:40 [notice] 36#36: gracefully shutting down
2025/09/21 11:11:40 [notice] 36#36: exiting
2025/09/21 11:11:40 [notice] 34#34: gracefully shutting down
2025/09/21 11:11:40 [notice] 34#34: exiting
2025/09/21 11:11:40 [notice] 38#38: gracefully shutting down
2025/09/21 11:11:40 [notice] 37#37: gracefully shutting down
2025/09/21 11:11:40 [notice] 31#31: gracefully shutting down
2025/09/21 11:11:40 [notice] 40#40: gracefully shutting down
2025/09/21 11:11:40 [notice] 29#29: gracefully shutting down
2025/09/21 11:11:40 [notice] 32#32: gracefully shutting down
2025/09/21 11:11:40 [notice] 39#39: gracefully shutting down
2025/09/21 11:11:40 [notice] 30#30: gracefully shutting down
2025/09/21 11:11:40 [notice] 33#33: exiting
2025/09/21 11:11:40 [notice] 35#35: exit
2025/09/21 11:11:40 [notice] 36#36: exit
2025/09/21 11:11:40 [notice] 34#34: exit
2025/09/21 11:11:40 [notice] 38#38: exiting
2025/09/21 11:11:40 [notice] 37#37: exiting
2025/09/21 11:11:40 [notice] 31#31: exiting
2025/09/21 11:11:40 [notice] 40#40: exiting
2025/09/21 11:11:40 [notice] 29#29: exiting
2025/09/21 11:11:40 [notice] 32#32: exiting
2025/09/21 11:11:40 [notice] 39#39: exiting
2025/09/21 11:11:40 [notice] 33#33: exit
2025/09/21 11:11:40 [notice] 30#30: exiting
2025/09/21 11:11:40 [notice] 38#38: exit
2025/09/21 11:11:40 [notice] 37#37: exit
2025/09/21 11:11:40 [notice] 31#31: exit
2025/09/21 11:11:40 [notice] 40#40: exit
2025/09/21 11:11:40 [notice] 29#29: exit
2025/09/21 11:11:40 [notice] 32#32: exit
2025/09/21 11:11:40 [notice] 39#39: exit
2025/09/21 11:11:40 [notice] 30#30: exit
2025/09/21 11:11:40 [notice] 1#1: signal 17 (SIGCHLD) received from 34
2025/09/21 11:11:40 [notice] 1#1: worker process 34 exited with code 0
2025/09/21 11:11:40 [notice] 1#1: worker process 35 exited with code 0
2025/09/21 11:11:40 [notice] 1#1: signal 29 (SIGIO) received
2025/09/21 11:11:40 [notice] 1#1: signal 17 (SIGCHLD) received from 35
2025/09/21 11:11:40 [notice] 1#1: signal 17 (SIGCHLD) received from 33
2025/09/21 11:11:40 [notice] 1#1: worker process 29 exited with code 0
2025/09/21 11:11:40 [notice] 1#1: worker process 31 exited with code 0
2025/09/21 11:11:40 [notice] 1#1: worker process 33 exited with code 0
2025/09/21 11:11:40 [notice] 1#1: worker process 36 exited with code 0
2025/09/21 11:11:40 [notice] 1#1: worker process 37 exited with code 0
2025/09/21 11:11:40 [notice] 1#1: worker process 30 exited with code 0
2025/09/21 11:11:40 [notice] 1#1: worker process 38 exited with code 0
2025/09/21 11:11:40 [notice] 1#1: worker process 32 exited with code 0
2025/09/21 11:11:40 [notice] 1#1: worker process 39 exited with code 0
2025/09/21 11:11:40 [notice] 1#1: signal 29 (SIGIO) received
2025/09/21 11:11:40 [notice] 1#1: signal 17 (SIGCHLD) received from 31
2025/09/21 11:11:40 [notice] 1#1: worker process 40 exited with code 0
2025/09/21 11:11:40 [notice] 1#1: exit
2025/09/21 11:13:06 [notice] 1#1: using the "epoll" event method
2025/09/21 11:13:06 [notice] 1#1: nginx/1.29.1
2025/09/21 11:13:06 [notice] 1#1: built by gcc 12.2.0 (Debian 12.2.0-14+deb12u1) 
2025/09/21 11:13:06 [notice] 1#1: OS: Linux 6.6.87.2-microsoft-standard-WSL2
2025/09/21 11:13:06 [notice] 1#1: getrlimit(RLIMIT_NOFILE): 1048576:1048576
2025/09/21 11:13:06 [notice] 1#1: start worker processes
2025/09/21 11:13:06 [notice] 1#1: start worker process 29
2025/09/21 11:13:06 [notice] 1#1: start worker process 30
2025/09/21 11:13:06 [notice] 1#1: start worker process 31
2025/09/21 11:13:06 [notice] 1#1: start worker process 32
2025/09/21 11:13:06 [notice] 1#1: start worker process 33
2025/09/21 11:13:06 [notice] 1#1: start worker process 34
2025/09/21 11:13:06 [notice] 1#1: start worker process 35
2025/09/21 11:13:06 [notice] 1#1: start worker process 36
2025/09/21 11:13:06 [notice] 1#1: start worker process 37
2025/09/21 11:13:06 [notice] 1#1: start worker process 38
2025/09/21 11:13:06 [notice] 1#1: start worker process 39
2025/09/21 11:13:06 [notice] 1#1: start worker process 40
2025/09/21 11:14:23 [notice] 1#1: signal 3 (SIGQUIT) received, shutting down
2025/09/21 11:14:23 [notice] 30#30: gracefully shutting down
2025/09/21 11:14:23 [notice] 34#34: gracefully shutting down
2025/09/21 11:14:23 [notice] 35#35: gracefully shutting down
2025/09/21 11:14:23 [notice] 37#37: gracefully shutting down
2025/09/21 11:14:23 [notice] 32#32: gracefully shutting down
2025/09/21 11:14:23 [notice] 31#31: gracefully shutting down
2025/09/21 11:14:23 [notice] 33#33: gracefully shutting down
2025/09/21 11:14:23 [notice] 40#40: gracefully shutting down
2025/09/21 11:14:23 [notice] 40#40: exiting
2025/09/21 11:14:23 [notice] 38#38: gracefully shutting down
2025/09/21 11:14:23 [notice] 38#38: exiting
2025/09/21 11:14:23 [notice] 29#29: gracefully shutting down
2025/09/21 11:14:23 [notice] 39#39: gracefully shutting down
2025/09/21 11:14:23 [notice] 36#36: gracefully shutting down
2025/09/21 11:14:23 [notice] 36#36: exiting
2025/09/21 11:14:23 [notice] 30#30: exiting
2025/09/21 11:14:23 [notice] 30#30: exit
2025/09/21 11:14:23 [notice] 34#34: exiting
2025/09/21 11:14:23 [notice] 34#34: exit
2025/09/21 11:14:23 [notice] 35#35: exiting
2025/09/21 11:14:23 [notice] 35#35: exit
2025/09/21 11:14:23 [notice] 37#37: exiting
2025/09/21 11:14:23 [notice] 37#37: exit
2025/09/21 11:14:23 [notice] 32#32: exiting
2025/09/21 11:14:23 [notice] 32#32: exit
2025/09/21 11:14:23 [notice] 31#31: exiting
2025/09/21 11:14:23 [notice] 33#33: exiting
2025/09/21 11:14:23 [notice] 40#40: exit
2025/09/21 11:14:23 [notice] 38#38: exit
2025/09/21 11:14:23 [notice] 29#29: exiting
2025/09/21 11:14:23 [notice] 39#39: exiting
2025/09/21 11:14:23 [notice] 36#36: exit
2025/09/21 11:14:23 [notice] 31#31: exit
2025/09/21 11:14:23 [notice] 33#33: exit
2025/09/21 11:14:23 [notice] 29#29: exit
2025/09/21 11:14:23 [notice] 39#39: exit
2025/09/21 11:14:24 [notice] 1#1: signal 17 (SIGCHLD) received from 30
2025/09/21 11:14:24 [notice] 1#1: worker process 30 exited with code 0
2025/09/21 11:14:24 [notice] 1#1: worker process 32 exited with code 0
2025/09/21 11:14:24 [notice] 1#1: worker process 34 exited with code 0
2025/09/21 11:14:24 [notice] 1#1: worker process 35 exited with code 0
2025/09/21 11:14:24 [notice] 1#1: worker process 37 exited with code 0
2025/09/21 11:14:24 [notice] 1#1: signal 29 (SIGIO) received
2025/09/21 11:14:24 [notice] 1#1: signal 17 (SIGCHLD) received from 32
2025/09/21 11:14:24 [notice] 1#1: signal 17 (SIGCHLD) received from 33
2025/09/21 11:14:24 [notice] 1#1: worker process 31 exited with code 0
2025/09/21 11:14:24 [notice] 1#1: worker process 33 exited with code 0
2025/09/21 11:14:24 [notice] 1#1: worker process 38 exited with code 0
2025/09/21 11:14:24 [notice] 1#1: worker process 40 exited with code 0
2025/09/21 11:14:24 [notice] 1#1: signal 29 (SIGIO) received
2025/09/21 11:14:24 [notice] 1#1: signal 17 (SIGCHLD) received from 38
2025/09/21 11:14:24 [notice] 1#1: signal 17 (SIGCHLD) received from 36
2025/09/21 11:14:24 [notice] 1#1: worker process 36 exited with code 0
2025/09/21 11:14:24 [notice] 1#1: signal 29 (SIGIO) received
2025/09/21 11:14:24 [notice] 1#1: signal 17 (SIGCHLD) received from 29
2025/09/21 11:14:24 [notice] 1#1: worker process 29 exited with code 0
2025/09/21 11:14:24 [notice] 1#1: worker process 39 exited with code 0
2025/09/21 11:14:24 [notice] 1#1: exit
2025/09/21 11:14:33 [notice] 1#1: using the "epoll" event method
2025/09/21 11:14:33 [notice] 1#1: nginx/1.29.1
2025/09/21 11:14:33 [notice] 1#1: built by gcc 12.2.0 (Debian 12.2.0-14+deb12u1) 
2025/09/21 11:14:33 [notice] 1#1: OS: Linux 6.6.87.2-microsoft-standard-WSL2
2025/09/21 11:14:33 [notice] 1#1: getrlimit(RLIMIT_NOFILE): 1048576:1048576
2025/09/21 11:14:33 [notice] 1#1: start worker processes
2025/09/21 11:14:33 [notice] 1#1: start worker process 29
2025/09/21 11:14:33 [notice] 1#1: start worker process 30
2025/09/21 11:14:33 [notice] 1#1: start worker process 31
2025/09/21 11:14:33 [notice] 1#1: start worker process 32
2025/09/21 11:14:33 [notice] 1#1: start worker process 33
2025/09/21 11:14:33 [notice] 1#1: start worker process 34
2025/09/21 11:14:33 [notice] 1#1: start worker process 35
2025/09/21 11:14:33 [notice] 1#1: start worker process 36
2025/09/21 11:14:33 [notice] 1#1: start worker process 37
2025/09/21 11:14:33 [notice] 1#1: start worker process 38
2025/09/21 11:14:33 [notice] 1#1: start worker process 39
2025/09/21 11:14:33 [notice] 1#1: start worker process 40
2025/09/21 11:18:30 [notice] 1#1: signal 3 (SIGQUIT) received, shutting down
2025/09/21 11:18:30 [notice] 37#37: gracefully shutting down
2025/09/21 11:18:30 [notice] 29#29: gracefully shutting down
2025/09/21 11:18:30 [notice] 30#30: gracefully shutting down
2025/09/21 11:18:30 [notice] 31#31: gracefully shutting down
2025/09/21 11:18:30 [notice] 32#32: gracefully shutting down
2025/09/21 11:18:30 [notice] 32#32: exiting
2025/09/21 11:18:30 [notice] 33#33: gracefully shutting down
2025/09/21 11:18:30 [notice] 32#32: exit
2025/09/21 11:18:30 [notice] 34#34: gracefully shutting down
2025/09/21 11:18:30 [notice] 35#35: gracefully shutting down
2025/09/21 11:18:30 [notice] 36#36: gracefully shutting down
2025/09/21 11:18:30 [notice] 38#38: gracefully shutting down
2025/09/21 11:18:30 [notice] 38#38: exiting
2025/09/21 11:18:30 [notice] 38#38: exit
2025/09/21 11:18:30 [notice] 39#39: gracefully shutting down
2025/09/21 11:18:30 [notice] 40#40: gracefully shutting down
2025/09/21 11:18:30 [notice] 37#37: exiting
2025/09/21 11:18:30 [notice] 29#29: exiting
2025/09/21 11:18:30 [notice] 30#30: exiting
2025/09/21 11:18:30 [notice] 31#31: exiting
2025/09/21 11:18:30 [notice] 33#33: exiting
2025/09/21 11:18:30 [notice] 35#35: exiting
2025/09/21 11:18:30 [notice] 34#34: exiting
2025/09/21 11:18:30 [notice] 36#36: exiting
2025/09/21 11:18:30 [notice] 39#39: exiting
2025/09/21 11:18:30 [notice] 40#40: exiting
2025/09/21 11:18:30 [notice] 40#40: exit
2025/09/21 11:18:30 [notice] 37#37: exit
2025/09/21 11:18:30 [notice] 29#29: exit
2025/09/21 11:18:30 [notice] 30#30: exit
2025/09/21 11:18:30 [notice] 31#31: exit
2025/09/21 11:18:30 [notice] 33#33: exit
2025/09/21 11:18:30 [notice] 35#35: exit
2025/09/21 11:18:30 [notice] 34#34: exit
2025/09/21 11:18:30 [notice] 36#36: exit
2025/09/21 11:18:30 [notice] 39#39: exit
2025/09/21 11:18:30 [notice] 1#1: signal 17 (SIGCHLD) received from 32
2025/09/21 11:18:30 [notice] 1#1: worker process 32 exited with code 0
2025/09/21 11:18:30 [notice] 1#1: worker process 38 exited with code 0
2025/09/21 11:18:30 [notice] 1#1: signal 29 (SIGIO) received
2025/09/21 11:18:30 [notice] 1#1: signal 17 (SIGCHLD) received from 38
2025/09/21 11:18:30 [notice] 1#1: signal 17 (SIGCHLD) received from 40
2025/09/21 11:18:30 [notice] 1#1: worker process 40 exited with code 0
2025/09/21 11:18:30 [notice] 1#1: signal 29 (SIGIO) received
2025/09/21 11:18:30 [notice] 1#1: signal 17 (SIGCHLD) received from 37
2025/09/21 11:18:30 [notice] 1#1: worker process 30 exited with code 0
2025/09/21 11:18:30 [notice] 1#1: worker process 33 exited with code 0
2025/09/21 11:18:30 [notice] 1#1: worker process 35 exited with code 0
2025/09/21 11:18:30 [notice] 1#1: worker process 36 exited with code 0
2025/09/21 11:18:30 [notice] 1#1: worker process 37 exited with code 0
2025/09/21 11:18:30 [notice] 1#1: signal 17 (SIGCHLD) received from 33
2025/09/21 11:18:30 [notice] 1#1: signal 29 (SIGIO) received
2025/09/21 11:18:30 [notice] 1#1: signal 17 (SIGCHLD) received from 39
2025/09/21 11:18:30 [notice] 1#1: worker process 29 exited with code 0
2025/09/21 11:18:30 [notice] 1#1: worker process 31 exited with code 0
2025/09/21 11:18:30 [notice] 1#1: worker process 34 exited with code 0
2025/09/21 11:18:30 [notice] 1#1: worker process 39 exited with code 0
2025/09/21 11:18:30 [notice] 1#1: exit
2025/09/21 11:18:45 [notice] 1#1: using the "epoll" event method
2025/09/21 11:18:45 [notice] 1#1: nginx/1.29.1
2025/09/21 11:18:45 [notice] 1#1: built by gcc 12.2.0 (Debian 12.2.0-14+deb12u1) 
2025/09/21 11:18:45 [notice] 1#1: OS: Linux 6.6.87.2-microsoft-standard-WSL2
2025/09/21 11:18:45 [notice] 1#1: getrlimit(RLIMIT_NOFILE): 1048576:1048576
2025/09/21 11:18:45 [notice] 1#1: start worker processes
2025/09/21 11:18:45 [notice] 1#1: start worker process 29
2025/09/21 11:18:45 [notice] 1#1: start worker process 30
2025/09/21 11:18:45 [notice] 1#1: start worker process 31
2025/09/21 11:18:45 [notice] 1#1: start worker process 32
2025/09/21 11:18:45 [notice] 1#1: start worker process 33
2025/09/21 11:18:45 [notice] 1#1: start worker process 34
2025/09/21 11:18:45 [notice] 1#1: start worker process 35
2025/09/21 11:18:45 [notice] 1#1: start worker process 36
2025/09/21 11:18:45 [notice] 1#1: start worker process 37
2025/09/21 11:18:45 [notice] 1#1: start worker process 38
2025/09/21 11:18:45 [notice] 1#1: start worker process 39
2025/09/21 11:18:45 [notice] 1#1: start worker process 40
2025/09/21 11:25:20 [notice] 1#1: signal 3 (SIGQUIT) received, shutting down
2025/09/21 11:25:20 [notice] 29#29: gracefully shutting down
2025/09/21 11:25:20 [notice] 30#30: gracefully shutting down
2025/09/21 11:25:20 [notice] 30#30: exiting
2025/09/21 11:25:20 [notice] 31#31: gracefully shutting down
2025/09/21 11:25:20 [notice] 32#32: gracefully shutting down
2025/09/21 11:25:20 [notice] 32#32: exiting
2025/09/21 11:25:20 [notice] 33#33: gracefully shutting down
2025/09/21 11:25:20 [notice] 34#34: gracefully shutting down
2025/09/21 11:25:20 [notice] 35#35: gracefully shutting down
2025/09/21 11:25:20 [notice] 37#37: gracefully shutting down
2025/09/21 11:25:20 [notice] 36#36: gracefully shutting down
2025/09/21 11:25:20 [notice] 39#39: gracefully shutting down
2025/09/21 11:25:20 [notice] 40#40: gracefully shutting down
2025/09/21 11:25:20 [notice] 38#38: gracefully shutting down
2025/09/21 11:25:20 [notice] 29#29: exiting
2025/09/21 11:25:20 [notice] 30#30: exit
2025/09/21 11:25:20 [notice] 31#31: exiting
2025/09/21 11:25:20 [notice] 32#32: exit
2025/09/21 11:25:20 [notice] 33#33: exiting
2025/09/21 11:25:20 [notice] 34#34: exiting
2025/09/21 11:25:20 [notice] 35#35: exiting
2025/09/21 11:25:20 [notice] 35#35: exit
2025/09/21 11:25:20 [notice] 37#37: exiting
2025/09/21 11:25:20 [notice] 36#36: exiting
2025/09/21 11:25:20 [notice] 39#39: exiting
2025/09/21 11:25:20 [notice] 40#40: exiting
2025/09/21 11:25:20 [notice] 38#38: exiting
2025/09/21 11:25:20 [notice] 29#29: exit
2025/09/21 11:25:20 [notice] 31#31: exit
2025/09/21 11:25:20 [notice] 33#33: exit
2025/09/21 11:25:20 [notice] 34#34: exit
2025/09/21 11:25:20 [notice] 37#37: exit
2025/09/21 11:25:20 [notice] 36#36: exit
2025/09/21 11:25:20 [notice] 39#39: exit
2025/09/21 11:25:20 [notice] 40#40: exit
2025/09/21 11:25:20 [notice] 38#38: exit
2025/09/21 11:25:20 [notice] 1#1: signal 17 (SIGCHLD) received from 30
2025/09/21 11:25:20 [notice] 1#1: worker process 30 exited with code 0
2025/09/21 11:25:20 [notice] 1#1: worker process 35 exited with code 0
2025/09/21 11:25:20 [notice] 1#1: signal 29 (SIGIO) received
2025/09/21 11:25:20 [notice] 1#1: signal 17 (SIGCHLD) received from 35
2025/09/21 11:25:20 [notice] 1#1: signal 17 (SIGCHLD) received from 32
2025/09/21 11:25:20 [notice] 1#1: worker process 32 exited with code 0
2025/09/21 11:25:20 [notice] 1#1: signal 29 (SIGIO) received
2025/09/21 11:25:20 [notice] 1#1: signal 17 (SIGCHLD) received from 33
2025/09/21 11:25:20 [notice] 1#1: worker process 33 exited with code 0
2025/09/21 11:25:20 [notice] 1#1: signal 29 (SIGIO) received
2025/09/21 11:25:20 [notice] 1#1: signal 17 (SIGCHLD) received from 37
2025/09/21 11:25:20 [notice] 1#1: worker process 29 exited with code 0
2025/09/21 11:25:20 [notice] 1#1: worker process 31 exited with code 0
2025/09/21 11:25:20 [notice] 1#1: worker process 34 exited with code 0
2025/09/21 11:25:20 [notice] 1#1: worker process 36 exited with code 0
2025/09/21 11:25:20 [notice] 1#1: worker process 37 exited with code 0
2025/09/21 11:25:20 [notice] 1#1: signal 29 (SIGIO) received
2025/09/21 11:25:20 [notice] 1#1: signal 17 (SIGCHLD) received from 34
2025/09/21 11:25:20 [notice] 1#1: signal 17 (SIGCHLD) received from 39
2025/09/21 11:25:20 [notice] 1#1: worker process 38 exited with code 0
2025/09/21 11:25:20 [notice] 1#1: worker process 39 exited with code 0
2025/09/21 11:25:20 [notice] 1#1: worker process 40 exited with code 0
2025/09/21 11:25:20 [notice] 1#1: exit
2025/09/21 11:25:29 [notice] 1#1: using the "epoll" event method
2025/09/21 11:25:29 [notice] 1#1: nginx/1.29.1
2025/09/21 11:25:29 [notice] 1#1: built by gcc 12.2.0 (Debian 12.2.0-14+deb12u1) 
2025/09/21 11:25:29 [notice] 1#1: OS: Linux 6.6.87.2-microsoft-standard-WSL2
2025/09/21 11:25:29 [notice] 1#1: getrlimit(RLIMIT_NOFILE): 1048576:1048576
2025/09/21 11:25:29 [notice] 1#1: start worker processes
2025/09/21 11:25:29 [notice] 1#1: start worker process 30
2025/09/21 11:25:29 [notice] 1#1: start worker process 31
2025/09/21 11:25:29 [notice] 1#1: start worker process 32
2025/09/21 11:25:29 [notice] 1#1: start worker process 33
2025/09/21 11:25:29 [notice] 1#1: start worker process 34
2025/09/21 11:25:29 [notice] 1#1: start worker process 35
2025/09/21 11:25:29 [notice] 1#1: start worker process 36
2025/09/21 11:25:29 [notice] 1#1: start worker process 37
2025/09/21 11:25:29 [notice] 1#1: start worker process 38
2025/09/21 11:25:29 [notice] 1#1: start worker process 39
2025/09/21 11:25:29 [notice] 1#1: start worker process 40
2025/09/21 11:25:29 [notice] 1#1: start worker process 41
2025/09/21 11:26:31 [notice] 1#1: signal 3 (SIGQUIT) received, shutting down
2025/09/21 11:26:31 [notice] 31#31: gracefully shutting down
2025/09/21 11:26:31 [notice] 38#38: gracefully shutting down
2025/09/21 11:26:31 [notice] 36#36: gracefully shutting down
2025/09/21 11:26:31 [notice] 41#41: gracefully shutting down
2025/09/21 11:26:31 [notice] 33#33: gracefully shutting down
2025/09/21 11:26:31 [notice] 34#34: gracefully shutting down
2025/09/21 11:26:31 [notice] 32#32: gracefully shutting down
2025/09/21 11:26:31 [notice] 37#37: gracefully shutting down
2025/09/21 11:26:31 [notice] 35#35: gracefully shutting down
2025/09/21 11:26:31 [notice] 39#39: gracefully shutting down
2025/09/21 11:26:31 [notice] 40#40: gracefully shutting down
2025/09/21 11:26:31 [notice] 30#30: gracefully shutting down
2025/09/21 11:26:31 [notice] 38#38: exiting
2025/09/21 11:26:31 [notice] 36#36: exiting
2025/09/21 11:26:31 [notice] 41#41: exiting
2025/09/21 11:26:31 [notice] 33#33: exiting
2025/09/21 11:26:31 [notice] 34#34: exiting
2025/09/21 11:26:31 [notice] 32#32: exiting
2025/09/21 11:26:31 [notice] 37#37: exiting
2025/09/21 11:26:31 [notice] 35#35: exiting
2025/09/21 11:26:31 [notice] 39#39: exiting
2025/09/21 11:26:31 [notice] 40#40: exiting
2025/09/21 11:26:31 [notice] 38#38: exit
2025/09/21 11:26:31 [notice] 30#30: exiting
2025/09/21 11:26:31 [notice] 36#36: exit
2025/09/21 11:26:31 [notice] 41#41: exit
2025/09/21 11:26:31 [notice] 33#33: exit
2025/09/21 11:26:31 [notice] 34#34: exit
2025/09/21 11:26:31 [notice] 32#32: exit
2025/09/21 11:26:31 [notice] 37#37: exit
2025/09/21 11:26:31 [notice] 35#35: exit
2025/09/21 11:26:31 [notice] 39#39: exit
2025/09/21 11:26:31 [notice] 40#40: exit
2025/09/21 11:26:31 [notice] 30#30: exit
2025/09/21 11:26:31 [notice] 1#1: signal 17 (SIGCHLD) received from 38
2025/09/21 11:26:31 [notice] 1#1: worker process 38 exited with code 0
2025/09/21 11:26:31 [notice] 1#1: signal 29 (SIGIO) received
2025/09/21 11:26:31 [notice] 1#1: signal 17 (SIGCHLD) received from 41
2025/09/21 11:26:31 [notice] 1#1: worker process 33 exited with code 0
2025/09/21 11:26:31 [notice] 1#1: worker process 36 exited with code 0
2025/09/21 11:26:31 [notice] 1#1: worker process 41 exited with code 0
2025/09/21 11:26:31 [notice] 1#1: signal 29 (SIGIO) received
2025/09/21 11:26:31 [notice] 1#1: signal 17 (SIGCHLD) received from 40
2025/09/21 11:26:31 [notice] 1#1: worker process 30 exited with code 0
2025/09/21 11:26:31 [notice] 1#1: worker process 32 exited with code 0
2025/09/21 11:26:31 [notice] 1#1: worker process 34 exited with code 0
2025/09/21 11:26:31 [notice] 1#1: worker process 35 exited with code 0
2025/09/21 11:26:31 [notice] 1#1: worker process 37 exited with code 0
2025/09/21 11:26:31 [notice] 1#1: worker process 39 exited with code 0
2025/09/21 11:26:31 [notice] 1#1: worker process 40 exited with code 0
2025/09/21 11:26:31 [notice] 1#1: signal 17 (SIGCHLD) received from 39
2025/09/21 11:26:31 [notice] 1#1: signal 29 (SIGIO) received
2025/09/21 11:26:32 [notice] 31#31: exiting
2025/09/21 11:26:32 [notice] 31#31: exit
2025/09/21 11:26:32 [notice] 1#1: signal 17 (SIGCHLD) received from 31
2025/09/21 11:26:32 [notice] 1#1: worker process 31 exited with code 0
2025/09/21 11:26:32 [notice] 1#1: exit
2025/09/21 11:26:43 [notice] 1#1: using the "epoll" event method
2025/09/21 11:26:43 [notice] 1#1: nginx/1.29.1
2025/09/21 11:26:43 [notice] 1#1: built by gcc 12.2.0 (Debian 12.2.0-14+deb12u1) 
2025/09/21 11:26:43 [notice] 1#1: OS: Linux 6.6.87.2-microsoft-standard-WSL2
2025/09/21 11:26:43 [notice] 1#1: getrlimit(RLIMIT_NOFILE): 1048576:1048576
2025/09/21 11:26:43 [notice] 1#1: start worker processes
2025/09/21 11:26:43 [notice] 1#1: start worker process 29
2025/09/21 11:26:43 [notice] 1#1: start worker process 30
2025/09/21 11:26:43 [notice] 1#1: start worker process 31
2025/09/21 11:26:43 [notice] 1#1: start worker process 32
2025/09/21 11:26:43 [notice] 1#1: start worker process 33
2025/09/21 11:26:43 [notice] 1#1: start worker process 34
2025/09/21 11:26:43 [notice] 1#1: start worker process 35
2025/09/21 11:26:43 [notice] 1#1: start worker process 36
2025/09/21 11:26:43 [notice] 1#1: start worker process 37
2025/09/21 11:26:43 [notice] 1#1: start worker process 38
2025/09/21 11:26:43 [notice] 1#1: start worker process 39
2025/09/21 11:26:43 [notice] 1#1: start worker process 40
2025/09/21 11:43:42 [notice] 1#1: signal 3 (SIGQUIT) received, shutting down
2025/09/21 11:43:42 [notice] 29#29: gracefully shutting down
2025/09/21 11:43:43 [notice] 38#38: gracefully shutting down
2025/09/21 11:43:42 [notice] 31#31: gracefully shutting down
2025/09/21 11:43:42 [notice] 30#30: gracefully shutting down
2025/09/21 11:43:42 [notice] 35#35: gracefully shutting down
2025/09/21 11:43:42 [notice] 33#33: gracefully shutting down
2025/09/21 11:43:42 [notice] 32#32: gracefully shutting down
2025/09/21 11:43:43 [notice] 37#37: gracefully shutting down
2025/09/21 11:43:43 [notice] 39#39: gracefully shutting down
2025/09/21 11:43:43 [notice] 40#40: gracefully shutting down
2025/09/21 11:43:42 [notice] 34#34: gracefully shutting down
2025/09/21 11:43:42 [notice] 29#29: exiting
2025/09/21 11:43:43 [notice] 36#36: gracefully shutting down
2025/09/21 11:43:43 [notice] 38#38: exiting
2025/09/21 11:43:43 [notice] 36#36: exiting
2025/09/21 11:43:42 [notice] 31#31: exiting
2025/09/21 11:43:42 [notice] 30#30: exiting
2025/09/21 11:43:42 [notice] 35#35: exiting
2025/09/21 11:43:42 [notice] 33#33: exiting
2025/09/21 11:43:42 [notice] 32#32: exiting
2025/09/21 11:43:43 [notice] 37#37: exiting
2025/09/21 11:43:43 [notice] 39#39: exiting
2025/09/21 11:43:43 [notice] 40#40: exiting
2025/09/21 11:43:42 [notice] 34#34: exiting
2025/09/21 11:43:42 [notice] 29#29: exit
2025/09/21 11:43:43 [notice] 38#38: exit
2025/09/21 11:43:43 [notice] 36#36: exit
2025/09/21 11:43:42 [notice] 31#31: exit
2025/09/21 11:43:42 [notice] 30#30: exit
2025/09/21 11:43:42 [notice] 35#35: exit
2025/09/21 11:43:42 [notice] 33#33: exit
2025/09/21 11:43:42 [notice] 32#32: exit
2025/09/21 11:43:43 [notice] 37#37: exit
2025/09/21 11:43:43 [notice] 39#39: exit
2025/09/21 11:43:43 [notice] 40#40: exit
2025/09/21 11:43:42 [notice] 34#34: exit
2025/09/21 11:43:43 [notice] 1#1: signal 17 (SIGCHLD) received from 36
2025/09/21 11:43:43 [notice] 1#1: worker process 29 exited with code 0
2025/09/21 11:43:43 [notice] 1#1: worker process 30 exited with code 0
2025/09/21 11:43:43 [notice] 1#1: worker process 35 exited with code 0
2025/09/21 11:43:43 [notice] 1#1: worker process 36 exited with code 0
2025/09/21 11:43:43 [notice] 1#1: worker process 38 exited with code 0
2025/09/21 11:43:43 [notice] 1#1: signal 29 (SIGIO) received
2025/09/21 11:43:43 [notice] 1#1: signal 17 (SIGCHLD) received from 29
2025/09/21 11:43:43 [notice] 1#1: worker process 37 exited with code 0
2025/09/21 11:43:43 [notice] 1#1: signal 29 (SIGIO) received
2025/09/21 11:43:43 [notice] 1#1: signal 17 (SIGCHLD) received from 37
2025/09/21 11:43:43 [notice] 1#1: signal 17 (SIGCHLD) received from 33
2025/09/21 11:43:43 [notice] 1#1: worker process 31 exited with code 0
2025/09/21 11:43:43 [notice] 1#1: worker process 33 exited with code 0
2025/09/21 11:43:43 [notice] 1#1: worker process 40 exited with code 0
2025/09/21 11:43:43 [notice] 1#1: signal 29 (SIGIO) received
2025/09/21 11:43:43 [notice] 1#1: signal 17 (SIGCHLD) received from 31
2025/09/21 11:43:43 [notice] 1#1: signal 17 (SIGCHLD) received from 34
2025/09/21 11:43:43 [notice] 1#1: worker process 34 exited with code 0
2025/09/21 11:43:43 [notice] 1#1: worker process 32 exited with code 0
2025/09/21 11:43:43 [notice] 1#1: signal 29 (SIGIO) received
2025/09/21 11:43:43 [notice] 1#1: signal 17 (SIGCHLD) received from 32
2025/09/21 11:43:43 [notice] 1#1: worker process 39 exited with code 0
2025/09/21 11:43:43 [notice] 1#1: exit
2025/09/21 11:47:41 [notice] 1#1: using the "epoll" event method
2025/09/21 11:47:41 [notice] 1#1: nginx/1.29.1
2025/09/21 11:47:41 [notice] 1#1: built by gcc 12.2.0 (Debian 12.2.0-14+deb12u1) 
2025/09/21 11:47:41 [notice] 1#1: OS: Linux 6.6.87.2-microsoft-standard-WSL2
2025/09/21 11:47:41 [notice] 1#1: getrlimit(RLIMIT_NOFILE): 1048576:1048576
2025/09/21 11:47:41 [notice] 1#1: start worker processes
2025/09/21 11:47:41 [notice] 1#1: start worker process 29
2025/09/21 11:47:41 [notice] 1#1: start worker process 30
2025/09/21 11:47:41 [notice] 1#1: start worker process 31
2025/09/21 11:47:41 [notice] 1#1: start worker process 32
2025/09/21 11:47:41 [notice] 1#1: start worker process 33
2025/09/21 11:47:41 [notice] 1#1: start worker process 34
2025/09/21 11:47:41 [notice] 1#1: start worker process 35
2025/09/21 11:47:41 [notice] 1#1: start worker process 36
2025/09/21 11:47:41 [notice] 1#1: start worker process 37
2025/09/21 11:47:41 [notice] 1#1: start worker process 38
2025/09/21 11:47:41 [notice] 1#1: start worker process 39
2025/09/21 11:47:41 [notice] 1#1: start worker process 40
2025/09/21 11:52:09 [notice] 1#1: signal 3 (SIGQUIT) received, shutting down
2025/09/21 11:52:09 [notice] 29#29: gracefully shutting down
2025/09/21 11:52:09 [notice] 31#31: gracefully shutting down
2025/09/21 11:52:09 [notice] 34#34: gracefully shutting down
2025/09/21 11:52:09 [notice] 33#33: gracefully shutting down
2025/09/21 11:52:09 [notice] 36#36: gracefully shutting down
2025/09/21 11:52:09 [notice] 35#35: gracefully shutting down
2025/09/21 11:52:09 [notice] 37#37: gracefully shutting down
2025/09/21 11:52:09 [notice] 39#39: gracefully shutting down
2025/09/21 11:52:09 [notice] 30#30: gracefully shutting down
2025/09/21 11:52:09 [notice] 38#38: gracefully shutting down
2025/09/21 11:52:09 [notice] 38#38: exiting
2025/09/21 11:52:09 [notice] 40#40: gracefully shutting down
2025/09/21 11:52:09 [notice] 32#32: gracefully shutting down
2025/09/21 11:52:09 [notice] 29#29: exiting
2025/09/21 11:52:09 [notice] 29#29: exit
2025/09/21 11:52:09 [notice] 31#31: exiting
2025/09/21 11:52:09 [notice] 34#34: exiting
2025/09/21 11:52:09 [notice] 34#34: exit
2025/09/21 11:52:09 [notice] 33#33: exiting
2025/09/21 11:52:09 [notice] 36#36: exiting
2025/09/21 11:52:09 [notice] 35#35: exiting
2025/09/21 11:52:09 [notice] 37#37: exiting
2025/09/21 11:52:09 [notice] 39#39: exiting
2025/09/21 11:52:09 [notice] 30#30: exiting
2025/09/21 11:52:09 [notice] 38#38: exit
2025/09/21 11:52:09 [notice] 40#40: exiting
2025/09/21 11:52:09 [notice] 32#32: exiting
2025/09/21 11:52:09 [notice] 31#31: exit
2025/09/21 11:52:09 [notice] 33#33: exit
2025/09/21 11:52:09 [notice] 36#36: exit
2025/09/21 11:52:09 [notice] 35#35: exit
2025/09/21 11:52:09 [notice] 37#37: exit
2025/09/21 11:52:09 [notice] 39#39: exit
2025/09/21 11:52:09 [notice] 30#30: exit
2025/09/21 11:52:09 [notice] 40#40: exit
2025/09/21 11:52:09 [notice] 32#32: exit
2025/09/21 11:52:09 [notice] 1#1: signal 17 (SIGCHLD) received from 34
2025/09/21 11:52:09 [notice] 1#1: worker process 34 exited with code 0
2025/09/21 11:52:09 [notice] 1#1: worker process 36 exited with code 0
2025/09/21 11:52:09 [notice] 1#1: signal 29 (SIGIO) received
2025/09/21 11:52:09 [notice] 1#1: signal 17 (SIGCHLD) received from 36
2025/09/21 11:52:09 [notice] 1#1: worker process 29 exited with code 0
2025/09/21 11:52:09 [notice] 1#1: worker process 30 exited with code 0
2025/09/21 11:52:09 [notice] 1#1: worker process 31 exited with code 0
2025/09/21 11:52:09 [notice] 1#1: worker process 33 exited with code 0
2025/09/21 11:52:09 [notice] 1#1: worker process 35 exited with code 0
2025/09/21 11:52:09 [notice] 1#1: worker process 37 exited with code 0
2025/09/21 11:52:09 [notice] 1#1: worker process 38 exited with code 0
2025/09/21 11:52:09 [notice] 1#1: worker process 39 exited with code 0
2025/09/21 11:52:09 [notice] 1#1: signal 29 (SIGIO) received
2025/09/21 11:52:09 [notice] 1#1: signal 17 (SIGCHLD) received from 33
2025/09/21 11:52:09 [notice] 1#1: worker process 32 exited with code 0
2025/09/21 11:52:09 [notice] 1#1: worker process 40 exited with code 0
2025/09/21 11:52:09 [notice] 1#1: exit
2025/09/21 11:52:49 [notice] 1#1: using the "epoll" event method
2025/09/21 11:52:49 [notice] 1#1: nginx/1.29.1
2025/09/21 11:52:49 [notice] 1#1: built by gcc 12.2.0 (Debian 12.2.0-14+deb12u1) 
2025/09/21 11:52:49 [notice] 1#1: OS: Linux 6.6.87.2-microsoft-standard-WSL2
2025/09/21 11:52:49 [notice] 1#1: getrlimit(RLIMIT_NOFILE): 1048576:1048576
2025/09/21 11:52:49 [notice] 1#1: start worker processes
2025/09/21 11:52:49 [notice] 1#1: start worker process 29
2025/09/21 11:52:49 [notice] 1#1: start worker process 30
2025/09/21 11:52:49 [notice] 1#1: start worker process 31
2025/09/21 11:52:49 [notice] 1#1: start worker process 32
2025/09/21 11:52:49 [notice] 1#1: start worker process 33
2025/09/21 11:52:49 [notice] 1#1: start worker process 34
2025/09/21 11:52:49 [notice] 1#1: start worker process 35
2025/09/21 11:52:49 [notice] 1#1: start worker process 36
2025/09/21 11:52:49 [notice] 1#1: start worker process 37
2025/09/21 11:52:49 [notice] 1#1: start worker process 38
2025/09/21 11:52:49 [notice] 1#1: start worker process 39
2025/09/21 11:52:49 [notice] 1#1: start worker process 40
2025/09/21 11:54:32 [notice] 1#1: signal 3 (SIGQUIT) received, shutting down
2025/09/21 11:54:32 [notice] 29#29: gracefully shutting down
2025/09/21 11:54:32 [notice] 32#32: gracefully shutting down
2025/09/21 11:54:32 [notice] 32#32: exiting
2025/09/21 11:54:32 [notice] 33#33: gracefully shutting down
2025/09/21 11:54:32 [notice] 31#31: gracefully shutting down
2025/09/21 11:54:32 [notice] 30#30: gracefully shutting down
2025/09/21 11:54:32 [notice] 36#36: gracefully shutting down
2025/09/21 11:54:32 [notice] 36#36: exiting
2025/09/21 11:54:32 [notice] 37#37: gracefully shutting down
2025/09/21 11:54:32 [notice] 37#37: exiting
2025/09/21 11:54:32 [notice] 34#34: gracefully shutting down
2025/09/21 11:54:32 [notice] 35#35: gracefully shutting down
2025/09/21 11:54:32 [notice] 38#38: gracefully shutting down
2025/09/21 11:54:32 [notice] 39#39: gracefully shutting down
2025/09/21 11:54:32 [notice] 40#40: gracefully shutting down
2025/09/21 11:54:32 [notice] 29#29: exiting
2025/09/21 11:54:32 [notice] 32#32: exit
2025/09/21 11:54:32 [notice] 33#33: exiting
2025/09/21 11:54:32 [notice] 33#33: exit
2025/09/21 11:54:32 [notice] 31#31: exiting
2025/09/21 11:54:32 [notice] 30#30: exiting
2025/09/21 11:54:32 [notice] 36#36: exit
2025/09/21 11:54:32 [notice] 37#37: exit
2025/09/21 11:54:32 [notice] 34#34: exiting
2025/09/21 11:54:32 [notice] 35#35: exiting
2025/09/21 11:54:32 [notice] 38#38: exiting
2025/09/21 11:54:32 [notice] 39#39: exiting
2025/09/21 11:54:32 [notice] 40#40: exiting
2025/09/21 11:54:32 [notice] 29#29: exit
2025/09/21 11:54:32 [notice] 31#31: exit
2025/09/21 11:54:32 [notice] 30#30: exit
2025/09/21 11:54:32 [notice] 34#34: exit
2025/09/21 11:54:32 [notice] 35#35: exit
2025/09/21 11:54:32 [notice] 38#38: exit
2025/09/21 11:54:32 [notice] 39#39: exit
2025/09/21 11:54:32 [notice] 40#40: exit
2025/09/21 11:54:32 [notice] 1#1: signal 17 (SIGCHLD) received from 32
2025/09/21 11:54:32 [notice] 1#1: worker process 32 exited with code 0
2025/09/21 11:54:33 [notice] 1#1: signal 29 (SIGIO) received
2025/09/21 11:54:33 [notice] 1#1: signal 17 (SIGCHLD) received from 37
2025/09/21 11:54:33 [notice] 1#1: worker process 36 exited with code 0
2025/09/21 11:54:33 [notice] 1#1: worker process 37 exited with code 0
2025/09/21 11:54:33 [notice] 1#1: signal 29 (SIGIO) received
2025/09/21 11:54:33 [notice] 1#1: signal 17 (SIGCHLD) received from 31
2025/09/21 11:54:33 [notice] 1#1: worker process 29 exited with code 0
2025/09/21 11:54:33 [notice] 1#1: worker process 30 exited with code 0
2025/09/21 11:54:33 [notice] 1#1: worker process 31 exited with code 0
2025/09/21 11:54:33 [notice] 1#1: worker process 33 exited with code 0
2025/09/21 11:54:33 [notice] 1#1: worker process 34 exited with code 0
2025/09/21 11:54:33 [notice] 1#1: worker process 38 exited with code 0
2025/09/21 11:54:33 [notice] 1#1: worker process 35 exited with code 0
2025/09/21 11:54:33 [notice] 1#1: worker process 39 exited with code 0
2025/09/21 11:54:33 [notice] 1#1: worker process 40 exited with code 0
2025/09/21 11:54:33 [notice] 1#1: exit
2025/09/21 11:54:55 [notice] 1#1: using the "epoll" event method
2025/09/21 11:54:55 [notice] 1#1: nginx/1.29.1
2025/09/21 11:54:55 [notice] 1#1: built by gcc 12.2.0 (Debian 12.2.0-14+deb12u1) 
2025/09/21 11:54:55 [notice] 1#1: OS: Linux 6.6.87.2-microsoft-standard-WSL2
2025/09/21 11:54:55 [notice] 1#1: getrlimit(RLIMIT_NOFILE): 1048576:1048576
2025/09/21 11:54:55 [notice] 1#1: start worker processes
2025/09/21 11:54:55 [notice] 1#1: start worker process 29
2025/09/21 11:54:55 [notice] 1#1: start worker process 30
2025/09/21 11:54:55 [notice] 1#1: start worker process 31
2025/09/21 11:54:55 [notice] 1#1: start worker process 32
2025/09/21 11:54:55 [notice] 1#1: start worker process 33
2025/09/21 11:54:55 [notice] 1#1: start worker process 34
2025/09/21 11:54:55 [notice] 1#1: start worker process 35
2025/09/21 11:54:55 [notice] 1#1: start worker process 36
2025/09/21 11:54:55 [notice] 1#1: start worker process 37
2025/09/21 11:54:55 [notice] 1#1: start worker process 38
2025/09/21 11:54:55 [notice] 1#1: start worker process 39
2025/09/21 11:54:55 [notice] 1#1: start worker process 40
2025/09/21 12:13:13 [notice] 1#1: signal 3 (SIGQUIT) received, shutting down
2025/09/21 12:13:13 [notice] 31#31: gracefully shutting down
2025/09/21 12:13:13 [notice] 30#30: gracefully shutting down
2025/09/21 12:13:13 [notice] 33#33: gracefully shutting down
2025/09/21 12:13:13 [notice] 33#33: exiting
2025/09/21 12:13:13 [notice] 36#36: gracefully shutting down
2025/09/21 12:13:13 [notice] 37#37: gracefully shutting down
2025/09/21 12:13:13 [notice] 39#39: gracefully shutting down
2025/09/21 12:13:13 [notice] 38#38: gracefully shutting down
2025/09/21 12:13:13 [notice] 40#40: gracefully shutting down
2025/09/21 12:13:13 [notice] 40#40: exiting
2025/09/21 12:13:13 [notice] 35#35: gracefully shutting down
2025/09/21 12:13:13 [notice] 34#34: gracefully shutting down
2025/09/21 12:13:13 [notice] 34#34: exiting
2025/09/21 12:13:13 [notice] 32#32: gracefully shutting down
2025/09/21 12:13:13 [notice] 29#29: gracefully shutting down
2025/09/21 12:13:13 [notice] 31#31: exiting
2025/09/21 12:13:13 [notice] 31#31: exit
2025/09/21 12:13:13 [notice] 30#30: exiting
2025/09/21 12:13:13 [notice] 33#33: exit
2025/09/21 12:13:13 [notice] 36#36: exiting
2025/09/21 12:13:13 [notice] 37#37: exiting
2025/09/21 12:13:13 [notice] 39#39: exiting
2025/09/21 12:13:13 [notice] 38#38: exiting
2025/09/21 12:13:13 [notice] 39#39: exit
2025/09/21 12:13:13 [notice] 40#40: exit
2025/09/21 12:13:13 [notice] 35#35: exiting
2025/09/21 12:13:13 [notice] 34#34: exit
2025/09/21 12:13:13 [notice] 32#32: exiting
2025/09/21 12:13:13 [notice] 29#29: exiting
2025/09/21 12:13:13 [notice] 30#30: exit
2025/09/21 12:13:13 [notice] 36#36: exit
2025/09/21 12:13:13 [notice] 37#37: exit
2025/09/21 12:13:13 [notice] 38#38: exit
2025/09/21 12:13:13 [notice] 35#35: exit
2025/09/21 12:13:13 [notice] 32#32: exit
2025/09/21 12:13:13 [notice] 29#29: exit
2025/09/21 12:13:13 [notice] 1#1: signal 17 (SIGCHLD) received from 31
2025/09/21 12:13:13 [notice] 1#1: worker process 31 exited with code 0
2025/09/21 12:13:13 [notice] 1#1: signal 29 (SIGIO) received
2025/09/21 12:13:13 [notice] 1#1: signal 17 (SIGCHLD) received from 34
2025/09/21 12:13:13 [notice] 1#1: worker process 34 exited with code 0
2025/09/21 12:13:13 [notice] 1#1: signal 29 (SIGIO) received
2025/09/21 12:13:13 [notice] 1#1: signal 17 (SIGCHLD) received from 39
2025/09/21 12:13:13 [notice] 1#1: worker process 39 exited with code 0
2025/09/21 12:13:13 [notice] 1#1: signal 29 (SIGIO) received
2025/09/21 12:13:13 [notice] 1#1: signal 17 (SIGCHLD) received from 33
2025/09/21 12:13:13 [notice] 1#1: worker process 30 exited with code 0
2025/09/21 12:13:13 [notice] 1#1: worker process 33 exited with code 0
2025/09/21 12:13:13 [notice] 1#1: worker process 35 exited with code 0
2025/09/21 12:13:13 [notice] 1#1: worker process 36 exited with code 0
2025/09/21 12:13:13 [notice] 1#1: worker process 37 exited with code 0
2025/09/21 12:13:13 [notice] 1#1: worker process 29 exited with code 0
2025/09/21 12:13:13 [notice] 1#1: worker process 32 exited with code 0
2025/09/21 12:13:13 [notice] 1#1: worker process 38 exited with code 0
2025/09/21 12:13:13 [notice] 1#1: worker process 40 exited with code 0
2025/09/21 12:13:13 [notice] 1#1: exit
2025/09/21 12:14:35 [notice] 1#1: using the "epoll" event method
2025/09/21 12:14:35 [notice] 1#1: nginx/1.29.1
2025/09/21 12:14:35 [notice] 1#1: built by gcc 12.2.0 (Debian 12.2.0-14+deb12u1) 
2025/09/21 12:14:35 [notice] 1#1: OS: Linux 6.6.87.2-microsoft-standard-WSL2
2025/09/21 12:14:35 [notice] 1#1: getrlimit(RLIMIT_NOFILE): 1048576:1048576
2025/09/21 12:14:35 [notice] 1#1: start worker processes
2025/09/21 12:14:35 [notice] 1#1: start worker process 29
2025/09/21 12:14:35 [notice] 1#1: start worker process 30
2025/09/21 12:14:35 [notice] 1#1: start worker process 31
2025/09/21 12:14:35 [notice] 1#1: start worker process 32
2025/09/21 12:14:35 [notice] 1#1: start worker process 33
2025/09/21 12:14:35 [notice] 1#1: start worker process 34
2025/09/21 12:14:35 [notice] 1#1: start worker process 35
2025/09/21 12:14:35 [notice] 1#1: start worker process 36
2025/09/21 12:14:35 [notice] 1#1: start worker process 37
2025/09/21 12:14:35 [notice] 1#1: start worker process 38
2025/09/21 12:14:35 [notice] 1#1: start worker process 39
2025/09/21 12:14:35 [notice] 1#1: start worker process 40
2025/09/21 12:20:49 [notice] 1#1: signal 3 (SIGQUIT) received, shutting down
2025/09/21 12:20:49 [notice] 29#29: gracefully shutting down
2025/09/21 12:20:49 [notice] 33#33: gracefully shutting down
2025/09/21 12:20:49 [notice] 31#31: gracefully shutting down
2025/09/21 12:20:49 [notice] 34#34: gracefully shutting down
2025/09/21 12:20:49 [notice] 36#36: gracefully shutting down
2025/09/21 12:20:49 [notice] 35#35: gracefully shutting down
2025/09/21 12:20:49 [notice] 35#35: exiting
2025/09/21 12:20:49 [notice] 38#38: gracefully shutting down
2025/09/21 12:20:49 [notice] 38#38: exiting
2025/09/21 12:20:49 [notice] 40#40: gracefully shutting down
2025/09/21 12:20:49 [notice] 37#37: gracefully shutting down
2025/09/21 12:20:49 [notice] 39#39: gracefully shutting down
2025/09/21 12:20:49 [notice] 39#39: exiting
2025/09/21 12:20:49 [notice] 39#39: exit
2025/09/21 12:20:49 [notice] 30#30: gracefully shutting down
2025/09/21 12:20:49 [notice] 32#32: gracefully shutting down
2025/09/21 12:20:49 [notice] 29#29: exiting
2025/09/21 12:20:49 [notice] 32#32: exiting
2025/09/21 12:20:49 [notice] 33#33: exiting
2025/09/21 12:20:49 [notice] 31#31: exiting
2025/09/21 12:20:49 [notice] 31#31: exit
2025/09/21 12:20:49 [notice] 34#34: exiting
2025/09/21 12:20:49 [notice] 36#36: exiting
2025/09/21 12:20:49 [notice] 35#35: exit
2025/09/21 12:20:49 [notice] 38#38: exit
2025/09/21 12:20:49 [notice] 40#40: exiting
2025/09/21 12:20:49 [notice] 37#37: exiting
2025/09/21 12:20:49 [notice] 37#37: exit
2025/09/21 12:20:49 [notice] 30#30: exiting
2025/09/21 12:20:49 [notice] 29#29: exit
2025/09/21 12:20:49 [notice] 32#32: exit
2025/09/21 12:20:49 [notice] 33#33: exit
2025/09/21 12:20:49 [notice] 34#34: exit
2025/09/21 12:20:49 [notice] 36#36: exit
2025/09/21 12:20:49 [notice] 40#40: exit
2025/09/21 12:20:49 [notice] 30#30: exit
2025/09/21 12:20:49 [notice] 1#1: signal 17 (SIGCHLD) received from 31
2025/09/21 12:20:49 [notice] 1#1: worker process 31 exited with code 0
2025/09/21 12:20:49 [notice] 1#1: signal 29 (SIGIO) received
2025/09/21 12:20:49 [notice] 1#1: signal 17 (SIGCHLD) received from 39
2025/09/21 12:20:49 [notice] 1#1: worker process 35 exited with code 0
2025/09/21 12:20:49 [notice] 1#1: worker process 32 exited with code 0
2025/09/21 12:20:49 [notice] 1#1: worker process 37 exited with code 0
2025/09/21 12:20:49 [notice] 1#1: worker process 38 exited with code 0
2025/09/21 12:20:49 [notice] 1#1: worker process 39 exited with code 0
2025/09/21 12:20:49 [notice] 1#1: signal 29 (SIGIO) received
2025/09/21 12:20:49 [notice] 1#1: signal 17 (SIGCHLD) received from 35
2025/09/21 12:20:49 [notice] 1#1: worker process 29 exited with code 0
2025/09/21 12:20:49 [notice] 1#1: worker process 30 exited with code 0
2025/09/21 12:20:49 [notice] 1#1: worker process 33 exited with code 0
2025/09/21 12:20:49 [notice] 1#1: worker process 34 exited with code 0
2025/09/21 12:20:49 [notice] 1#1: worker process 36 exited with code 0
2025/09/21 12:20:49 [notice] 1#1: worker process 40 exited with code 0
2025/09/21 12:20:49 [notice] 1#1: exit
2025/09/21 12:23:36 [notice] 1#1: using the "epoll" event method
2025/09/21 12:23:36 [notice] 1#1: nginx/1.29.1
2025/09/21 12:23:36 [notice] 1#1: built by gcc 12.2.0 (Debian 12.2.0-14+deb12u1) 
2025/09/21 12:23:36 [notice] 1#1: OS: Linux 6.6.87.2-microsoft-standard-WSL2
2025/09/21 12:23:36 [notice] 1#1: getrlimit(RLIMIT_NOFILE): 1048576:1048576
2025/09/21 12:23:36 [notice] 1#1: start worker processes
2025/09/21 12:23:36 [notice] 1#1: start worker process 29
2025/09/21 12:23:36 [notice] 1#1: start worker process 30
2025/09/21 12:23:36 [notice] 1#1: start worker process 31
2025/09/21 12:23:36 [notice] 1#1: start worker process 32
2025/09/21 12:23:36 [notice] 1#1: start worker process 33
2025/09/21 12:23:36 [notice] 1#1: start worker process 34
2025/09/21 12:23:36 [notice] 1#1: start worker process 35
2025/09/21 12:23:36 [notice] 1#1: start worker process 36
2025/09/21 12:23:36 [notice] 1#1: start worker process 37
2025/09/21 12:23:36 [notice] 1#1: start worker process 38
2025/09/21 12:23:36 [notice] 1#1: start worker process 39
2025/09/21 12:23:36 [notice] 1#1: start worker process 40
2025/09/21 12:29:36 [notice] 1#1: signal 3 (SIGQUIT) received, shutting down
2025/09/21 12:29:36 [notice] 29#29: gracefully shutting down
2025/09/21 12:29:36 [notice] 31#31: gracefully shutting down
2025/09/21 12:29:36 [notice] 32#32: gracefully shutting down
2025/09/21 12:29:36 [notice] 33#33: gracefully shutting down
2025/09/21 12:29:36 [notice] 30#30: gracefully shutting down
2025/09/21 12:29:36 [notice] 35#35: gracefully shutting down
2025/09/21 12:29:36 [notice] 37#37: gracefully shutting down
2025/09/21 12:29:36 [notice] 38#38: gracefully shutting down
2025/09/21 12:29:36 [notice] 34#34: gracefully shutting down
2025/09/21 12:29:36 [notice] 39#39: gracefully shutting down
2025/09/21 12:29:36 [notice] 36#36: gracefully shutting down
2025/09/21 12:29:36 [notice] 40#40: gracefully shutting down
2025/09/21 12:29:36 [notice] 29#29: exiting
2025/09/21 12:29:36 [notice] 31#31: exiting
2025/09/21 12:29:36 [notice] 32#32: exiting
2025/09/21 12:29:36 [notice] 33#33: exiting
2025/09/21 12:29:36 [notice] 30#30: exiting
2025/09/21 12:29:36 [notice] 35#35: exiting
2025/09/21 12:29:36 [notice] 37#37: exiting
2025/09/21 12:29:36 [notice] 38#38: exiting
2025/09/21 12:29:36 [notice] 34#34: exiting
2025/09/21 12:29:36 [notice] 39#39: exiting
2025/09/21 12:29:36 [notice] 36#36: exiting
2025/09/21 12:29:36 [notice] 40#40: exiting
2025/09/21 12:29:36 [notice] 29#29: exit
2025/09/21 12:29:36 [notice] 31#31: exit
2025/09/21 12:29:36 [notice] 32#32: exit
2025/09/21 12:29:36 [notice] 33#33: exit
2025/09/21 12:29:36 [notice] 30#30: exit
2025/09/21 12:29:36 [notice] 35#35: exit
2025/09/21 12:29:36 [notice] 37#37: exit
2025/09/21 12:29:36 [notice] 38#38: exit
2025/09/21 12:29:36 [notice] 34#34: exit
2025/09/21 12:29:36 [notice] 39#39: exit
2025/09/21 12:29:36 [notice] 36#36: exit
2025/09/21 12:29:36 [notice] 40#40: exit
2025/09/21 12:29:36 [notice] 1#1: signal 17 (SIGCHLD) received from 31
2025/09/21 12:29:36 [notice] 1#1: worker process 31 exited with code 0
2025/09/21 12:29:36 [notice] 1#1: signal 29 (SIGIO) received
2025/09/21 12:29:36 [notice] 1#1: signal 17 (SIGCHLD) received from 35
2025/09/21 12:29:36 [notice] 1#1: worker process 29 exited with code 0
2025/09/21 12:29:36 [notice] 1#1: worker process 30 exited with code 0
2025/09/21 12:29:36 [notice] 1#1: worker process 35 exited with code 0
2025/09/21 12:29:36 [notice] 1#1: signal 29 (SIGIO) received
2025/09/21 12:29:36 [notice] 1#1: signal 17 (SIGCHLD) received from 30
2025/09/21 12:29:36 [notice] 1#1: signal 17 (SIGCHLD) received from 34
2025/09/21 12:29:36 [notice] 1#1: worker process 32 exited with code 0
2025/09/21 12:29:36 [notice] 1#1: worker process 33 exited with code 0
2025/09/21 12:29:36 [notice] 1#1: worker process 34 exited with code 0
2025/09/21 12:29:36 [notice] 1#1: worker process 37 exited with code 0
2025/09/21 12:29:36 [notice] 1#1: worker process 38 exited with code 0
2025/09/21 12:29:36 [notice] 1#1: worker process 39 exited with code 0
2025/09/21 12:29:36 [notice] 1#1: worker process 40 exited with code 0
2025/09/21 12:29:36 [notice] 1#1: signal 29 (SIGIO) received
2025/09/21 12:29:36 [notice] 1#1: signal 17 (SIGCHLD) received from 37
2025/09/21 12:29:36 [notice] 1#1: signal 17 (SIGCHLD) received from 36
2025/09/21 12:29:36 [notice] 1#1: worker process 36 exited with code 0
2025/09/21 12:29:36 [notice] 1#1: exit
2025/09/21 12:29:42 [notice] 1#1: using the "epoll" event method
2025/09/21 12:29:42 [notice] 1#1: nginx/1.29.1
2025/09/21 12:29:42 [notice] 1#1: built by gcc 12.2.0 (Debian 12.2.0-14+deb12u1) 
2025/09/21 12:29:42 [notice] 1#1: OS: Linux 6.6.87.2-microsoft-standard-WSL2
2025/09/21 12:29:42 [notice] 1#1: getrlimit(RLIMIT_NOFILE): 1048576:1048576
2025/09/21 12:29:42 [notice] 1#1: start worker processes
2025/09/21 12:29:42 [notice] 1#1: start worker process 29
2025/09/21 12:29:42 [notice] 1#1: start worker process 30
2025/09/21 12:29:42 [notice] 1#1: start worker process 31
2025/09/21 12:29:42 [notice] 1#1: start worker process 32
2025/09/21 12:29:42 [notice] 1#1: start worker process 33
2025/09/21 12:29:42 [notice] 1#1: start worker process 34
2025/09/21 12:29:42 [notice] 1#1: start worker process 35
2025/09/21 12:29:42 [notice] 1#1: start worker process 36
2025/09/21 12:29:42 [notice] 1#1: start worker process 37
2025/09/21 12:29:42 [notice] 1#1: start worker process 38
2025/09/21 12:29:42 [notice] 1#1: start worker process 39
2025/09/21 12:29:42 [notice] 1#1: start worker process 40
2025/09/21 12:47:36 [notice] 1#1: signal 3 (SIGQUIT) received, shutting down
2025/09/21 12:47:36 [notice] 29#29: gracefully shutting down
2025/09/21 12:47:36 [notice] 38#38: gracefully shutting down
2025/09/21 12:47:36 [notice] 33#33: gracefully shutting down
2025/09/21 12:47:36 [notice] 31#31: gracefully shutting down
2025/09/21 12:47:36 [notice] 38#38: exiting
2025/09/21 12:47:36 [notice] 34#34: gracefully shutting down
2025/09/21 12:47:36 [notice] 40#40: gracefully shutting down
2025/09/21 12:47:36 [notice] 32#32: gracefully shutting down
2025/09/21 12:47:36 [notice] 34#34: exiting
2025/09/21 12:47:36 [notice] 36#36: gracefully shutting down
2025/09/21 12:47:36 [notice] 37#37: gracefully shutting down
2025/09/21 12:47:36 [notice] 30#30: gracefully shutting down
2025/09/21 12:47:36 [notice] 36#36: exiting
2025/09/21 12:47:36 [notice] 35#35: gracefully shutting down
2025/09/21 12:47:36 [notice] 39#39: gracefully shutting down
2025/09/21 12:47:36 [notice] 33#33: exiting
2025/09/21 12:47:36 [notice] 31#31: exiting
2025/09/21 12:47:36 [notice] 38#38: exit
2025/09/21 12:47:36 [notice] 32#32: exiting
2025/09/21 12:47:36 [notice] 34#34: exit
2025/09/21 12:47:36 [notice] 40#40: exiting
2025/09/21 12:47:36 [notice] 40#40: exit
2025/09/21 12:47:36 [notice] 37#37: exiting
2025/09/21 12:47:36 [notice] 37#37: exit
2025/09/21 12:47:36 [notice] 36#36: exit
2025/09/21 12:47:36 [notice] 30#30: exiting
2025/09/21 12:47:36 [notice] 35#35: exiting
2025/09/21 12:47:36 [notice] 39#39: exiting
2025/09/21 12:47:36 [notice] 33#33: exit
2025/09/21 12:47:36 [notice] 35#35: exit
2025/09/21 12:47:36 [notice] 31#31: exit
2025/09/21 12:47:36 [notice] 32#32: exit
2025/09/21 12:47:36 [notice] 30#30: exit
2025/09/21 12:47:36 [notice] 39#39: exit
2025/09/21 12:47:36 [notice] 1#1: signal 17 (SIGCHLD) received from 36
2025/09/21 12:47:36 [notice] 1#1: worker process 36 exited with code 0
2025/09/21 12:47:36 [notice] 1#1: worker process 37 exited with code 0
2025/09/21 12:47:36 [notice] 1#1: signal 29 (SIGIO) received
2025/09/21 12:47:36 [notice] 1#1: signal 17 (SIGCHLD) received from 37
2025/09/21 12:47:36 [notice] 1#1: worker process 40 exited with code 0
2025/09/21 12:47:36 [notice] 1#1: worker process 31 exited with code 0
2025/09/21 12:47:36 [notice] 1#1: worker process 33 exited with code 0
2025/09/21 12:47:36 [notice] 1#1: worker process 34 exited with code 0
2025/09/21 12:47:36 [notice] 1#1: worker process 35 exited with code 0
2025/09/21 12:47:36 [notice] 1#1: worker process 39 exited with code 0
2025/09/21 12:47:36 [notice] 1#1: signal 29 (SIGIO) received
2025/09/21 12:47:36 [notice] 1#1: signal 17 (SIGCHLD) received from 40
2025/09/21 12:47:36 [notice] 1#1: worker process 30 exited with code 0
2025/09/21 12:47:36 [notice] 1#1: worker process 32 exited with code 0
2025/09/21 12:47:36 [notice] 1#1: worker process 38 exited with code 0
2025/09/21 12:47:36 [notice] 1#1: signal 29 (SIGIO) received
2025/09/21 12:47:36 [notice] 1#1: signal 17 (SIGCHLD) received from 30
2025/09/21 12:47:40 [notice] 29#29: exiting
2025/09/21 12:47:40 [notice] 29#29: exit
2025/09/21 12:47:40 [notice] 1#1: signal 17 (SIGCHLD) received from 29
2025/09/21 12:47:40 [notice] 1#1: worker process 29 exited with code 0
2025/09/21 12:47:40 [notice] 1#1: exit
